[ 2015-08-01T14:58:37+08:00 ] ::1 /dginfo/Index/login
INFO: [ app_init ] --START--
INFO: Run Behavior\BuildLiteBehavior [ RunTime:0.000030s ]
INFO: [ app_init ] --END-- [ RunTime:0.000904s ]
ERR: 无法加载模块:Index

[ 2015-08-01T14:58:58+08:00 ] ::1 /dginfo/Index/index
INFO: [ app_init ] --START--
INFO: Run Behavior\BuildLiteBehavior [ RunTime:0.000030s ]
INFO: [ app_init ] --END-- [ RunTime:0.000914s ]
ERR: 无法加载模块:Index

[ 2015-08-01T14:59:05+08:00 ] ::1 /dginfo/Index
INFO: [ app_init ] --START--
INFO: Run Behavior\BuildLiteBehavior [ RunTime:0.000031s ]
INFO: [ app_init ] --END-- [ RunTime:0.000745s ]
ERR: 无法加载模块:Index

[ 2015-08-01T14:59:30+08:00 ] ::1 /dginfo/Index/index.html
INFO: [ app_init ] --START--
INFO: Run Behavior\BuildLiteBehavior [ RunTime:0.000031s ]
INFO: [ app_init ] --END-- [ RunTime:0.001054s ]
ERR: 无法加载模块:Index

[ 2015-08-01T14:59:59+08:00 ] ::1 /dginfo/index.php/Index/index.html
INFO: [ app_init ] --START--
INFO: Run Behavior\BuildLiteBehavior [ RunTime:0.000037s ]
INFO: [ app_init ] --END-- [ RunTime:0.001191s ]
ERR: 无法加载模块:Index

[ 2015-08-01T15:00:06+08:00 ] ::1 /dginfo/index.php/Index
INFO: [ app_init ] --START--
INFO: Run Behavior\BuildLiteBehavior [ RunTime:0.000032s ]
INFO: [ app_init ] --END-- [ RunTime:0.001036s ]
ERR: 无法加载模块:Index

[ 2015-08-01T15:00:09+08:00 ] ::1 /dginfo/index.ph
INFO: [ app_init ] --START--
INFO: Run Behavior\BuildLiteBehavior [ RunTime:0.000035s ]
INFO: [ app_init ] --END-- [ RunTime:0.002482s ]
ERR: 无法加载模块:Index

[ 2015-08-01T15:32:47+08:00 ] ::1 /dginfo/Public/img/code.png
INFO: [ app_init ] --START--
INFO: Run Behavior\BuildLiteBehavior [ RunTime:0.000031s ]
INFO: [ app_init ] --END-- [ RunTime:0.000819s ]
ERR: 无法加载模块:Public

[ 2015-08-01T15:32:54+08:00 ] ::1 /dginfo/Public/img/code.png
INFO: [ app_init ] --START--
INFO: Run Behavior\BuildLiteBehavior [ RunTime:0.000041s ]
INFO: [ app_init ] --END-- [ RunTime:0.003163s ]
ERR: 无法加载模块:Public

[ 2015-08-01T15:33:31+08:00 ] ::1 /dginfo/Public/img/code.png
INFO: [ app_init ] --START--
INFO: Run Behavior\BuildLiteBehavior [ RunTime:0.000031s ]
INFO: [ app_init ] --END-- [ RunTime:0.000807s ]
ERR: 无法加载模块:Public

[ 2015-08-01T15:41:27+08:00 ] ::1 /dginfo/Public/img/code.png
INFO: [ app_init ] --START--
INFO: Run Behavior\BuildLiteBehavior [ RunTime:0.000029s ]
INFO: [ app_init ] --END-- [ RunTime:0.000757s ]
ERR: 无法加载模块:Public

[ 2015-08-01T15:47:50+08:00 ] ::1 /dginfo/Public/img/code.png
INFO: [ app_init ] --START--
INFO: Run Behavior\BuildLiteBehavior [ RunTime:0.000029s ]
INFO: [ app_init ] --END-- [ RunTime:0.000770s ]
ERR: 无法加载模块:Public

[ 2015-08-01T15:47:54+08:00 ] ::1 /dginfo/Public/img/code.png
INFO: [ app_init ] --START--
INFO: Run Behavior\BuildLiteBehavior [ RunTime:0.000031s ]
INFO: [ app_init ] --END-- [ RunTime:0.000836s ]
ERR: 无法加载模块:Public

[ 2015-08-01T15:55:01+08:00 ] ::1 /dginfo/Public/img/code.png
INFO: [ app_init ] --START--
INFO: Run Behavior\BuildLiteBehavior [ RunTime:0.000032s ]
INFO: [ app_init ] --END-- [ RunTime:0.000894s ]
ERR: 无法加载模块:Public

[ 2015-08-01T20:29:04+08:00 ] ::1 /dginfo/Public/img/code.png
INFO: [ app_init ] --START--
INFO: Run Behavior\BuildLiteBehavior [ RunTime:0.000031s ]
INFO: [ app_init ] --END-- [ RunTime:0.000742s ]
ERR: 无法加载模块:Public

[ 2015-08-01T22:16:41+08:00 ] ::1 /dginfo/Public/bower_components/jquery/dist/css/bootstrap.min.css
INFO: [ app_init ] --START--
INFO: Run Behavior\BuildLiteBehavior [ RunTime:0.000033s ]
INFO: [ app_init ] --END-- [ RunTime:0.001131s ]
ERR: 无法加载模块:Public

[ 2015-08-01T22:16:41+08:00 ] ::1 /dginfo/Public/bower_components/jquery/dist/js/jquery.min.js
INFO: [ app_init ] --START--
INFO: Run Behavior\BuildLiteBehavior [ RunTime:0.000034s ]
INFO: [ app_init ] --END-- [ RunTime:0.001609s ]
ERR: 无法加载模块:Public

[ 2015-08-01T22:21:40+08:00 ] ::1 /dginfo/Public/bower_components/jquery/dist/css/bootstrap.min.css
INFO: [ app_init ] --START--
INFO: Run Behavior\BuildLiteBehavior [ RunTime:0.000048s ]
INFO: [ app_init ] --END-- [ RunTime:0.003013s ]
ERR: 无法加载模块:Public

[ 2015-08-01T22:21:40+08:00 ] ::1 /dginfo/Public/bower_components/jquery/dist/js/jquery.min.js
INFO: [ app_init ] --START--
INFO: Run Behavior\BuildLiteBehavior [ RunTime:0.000034s ]
INFO: [ app_init ] --END-- [ RunTime:0.001037s ]
ERR: 无法加载模块:Public

[ 2015-08-01T22:22:36+08:00 ] ::1 /dginfo/Public/bower_components/jquery/dist/js/jquery.min.js
INFO: [ app_init ] --START--
INFO: Run Behavior\BuildLiteBehavior [ RunTime:0.000032s ]
INFO: [ app_init ] --END-- [ RunTime:0.000983s ]
ERR: 无法加载模块:Public

[ 2015-08-01T22:23:27+08:00 ] ::1 /dginfo/Public/bower_components/jquery/dist/js/jquery.min.js
INFO: [ app_init ] --START--
INFO: Run Behavior\BuildLiteBehavior [ RunTime:0.000033s ]
INFO: [ app_init ] --END-- [ RunTime:0.001044s ]
ERR: 无法加载模块:Public

[ 2015-08-01T22:23:51+08:00 ] ::1 /dginfo/Public/bower_components/jquery/dist/js/jquery.min.js
INFO: [ app_init ] --START--
INFO: Run Behavior\BuildLiteBehavior [ RunTime:0.000032s ]
INFO: [ app_init ] --END-- [ RunTime:0.001144s ]
ERR: 无法加载模块:Public

[ 2015-08-01T22:24:02+08:00 ] ::1 /dginfo/Public/bower_components/jquery/dist/js/jquery.min.js
INFO: [ app_init ] --START--
INFO: Run Behavior\BuildLiteBehavior [ RunTime:0.000031s ]
INFO: [ app_init ] --END-- [ RunTime:0.000998s ]
ERR: 无法加载模块:Public

[ 2015-08-01T22:24:24+08:00 ] ::1 /dginfo/Public/bower_components/jquery/dist/js/jquery.min.js
INFO: [ app_init ] --START--
INFO: Run Behavior\BuildLiteBehavior [ RunTime:0.000030s ]
INFO: [ app_init ] --END-- [ RunTime:0.000963s ]
ERR: 无法加载模块:Public

[ 2015-08-01T22:25:14+08:00 ] ::1 /dginfo/Public/bower_components/jquery/dist/js/jquery.min.js
INFO: [ app_init ] --START--
INFO: Run Behavior\BuildLiteBehavior [ RunTime:0.000031s ]
INFO: [ app_init ] --END-- [ RunTime:0.000968s ]
ERR: 无法加载模块:Public

[ 2015-08-01T22:28:11+08:00 ] ::1 /dginfo/Public/bower_components/jquery/dist/js/jquery.min.js
INFO: [ app_init ] --START--
INFO: Run Behavior\BuildLiteBehavior [ RunTime:0.000032s ]
INFO: [ app_init ] --END-- [ RunTime:0.000930s ]
ERR: 无法加载模块:Public

[ 2015-08-01T22:32:02+08:00 ] ::1 /dginfo/Public/bower_components/jquery/dist/js/jquery.min.js
INFO: [ app_init ] --START--
INFO: Run Behavior\BuildLiteBehavior [ RunTime:0.000040s ]
INFO: [ app_init ] --END-- [ RunTime:0.003818s ]
ERR: 无法加载模块:Public

[ 2015-08-01T22:34:01+08:00 ] ::1 /dginfo/Public/bower_components/jquery/dist/js/jquery.min.js
INFO: [ app_init ] --START--
INFO: Run Behavior\BuildLiteBehavior [ RunTime:0.000029s ]
INFO: [ app_init ] --END-- [ RunTime:0.000770s ]
ERR: 无法加载模块:Public

[ 2015-08-01T22:34:21+08:00 ] ::1 /dginfo/Public/bower_components/jquery/dist/js/jquery.min.js
INFO: [ app_init ] --START--
INFO: Run Behavior\BuildLiteBehavior [ RunTime:0.000032s ]
INFO: [ app_init ] --END-- [ RunTime:0.000830s ]
ERR: 无法加载模块:Public

[ 2015-08-01T22:34:44+08:00 ] ::1 /dginfo/Public/bower_components/jquery/dist/js/jquery.min.js
INFO: [ app_init ] --START--
INFO: Run Behavior\BuildLiteBehavior [ RunTime:0.000033s ]
INFO: [ app_init ] --END-- [ RunTime:0.000811s ]
ERR: 无法加载模块:Public

[ 2015-08-01T22:35:13+08:00 ] ::1 /dginfo/Public/bower_components/jquery/dist/js/jquery.min.js
INFO: [ app_init ] --START--
INFO: Run Behavior\BuildLiteBehavior [ RunTime:0.000033s ]
INFO: [ app_init ] --END-- [ RunTime:0.001003s ]
ERR: 无法加载模块:Public

[ 2015-08-01T22:35:21+08:00 ] ::1 /dginfo/Public/bower_components/jquery/dist/js/jquery.min.js
INFO: [ app_init ] --START--
INFO: Run Behavior\BuildLiteBehavior [ RunTime:0.000046s ]
INFO: [ app_init ] --END-- [ RunTime:0.000851s ]
ERR: 无法加载模块:Public

[ 2015-08-01T22:35:48+08:00 ] ::1 /dginfo/Public/bower_components/jquery/dist/js/jquery.min.js
INFO: [ app_init ] --START--
INFO: Run Behavior\BuildLiteBehavior [ RunTime:0.000032s ]
INFO: [ app_init ] --END-- [ RunTime:0.000957s ]
ERR: 无法加载模块:Public

[ 2015-08-01T22:36:07+08:00 ] ::1 /dginfo/Public/bower_components/jquery/dist/js/jquery.min.js
INFO: [ app_init ] --START--
INFO: Run Behavior\BuildLiteBehavior [ RunTime:0.000033s ]
INFO: [ app_init ] --END-- [ RunTime:0.001295s ]
ERR: 无法加载模块:Public

[ 2015-08-01T22:38:09+08:00 ] ::1 /dginfo/Public/bower_components/jquery/dist/js/jquery.min.js
INFO: [ app_init ] --START--
INFO: Run Behavior\BuildLiteBehavior [ RunTime:0.000034s ]
INFO: [ app_init ] --END-- [ RunTime:0.001620s ]
ERR: 无法加载模块:Public

[ 2015-08-01T22:38:32+08:00 ] ::1 /dginfo/Public/bower_components/jquery/dist/js/jquery.min.js
INFO: [ app_init ] --START--
INFO: Run Behavior\BuildLiteBehavior [ RunTime:0.000034s ]
INFO: [ app_init ] --END-- [ RunTime:0.000803s ]
ERR: 无法加载模块:Public

[ 2015-08-01T22:39:47+08:00 ] ::1 /dginfo/Public/bower_components/jquery/dist/js/jquery.min.js
INFO: [ app_init ] --START--
INFO: Run Behavior\BuildLiteBehavior [ RunTime:0.000034s ]
INFO: [ app_init ] --END-- [ RunTime:0.000827s ]
ERR: 无法加载模块:Public

[ 2015-08-01T22:47:13+08:00 ] ::1 /dginfo/Public/bower_components/jquery/dist/js/jquery.min.js
INFO: [ app_init ] --START--
INFO: Run Behavior\BuildLiteBehavior [ RunTime:0.000032s ]
INFO: [ app_init ] --END-- [ RunTime:0.001048s ]
ERR: 无法加载模块:Public

[ 2015-08-01T22:47:23+08:00 ] ::1 /dginfo/Public/bower_components/jquery/dist/js/jquery.min.js
INFO: [ app_init ] --START--
INFO: Run Behavior\BuildLiteBehavior [ RunTime:0.000036s ]
INFO: [ app_init ] --END-- [ RunTime:0.001286s ]
ERR: 无法加载模块:Public

[ 2015-08-01T22:47:55+08:00 ] ::1 /dginfo/Public/bower_components/jquery/dist/js/jquery.min.js
INFO: [ app_init ] --START--
INFO: Run Behavior\BuildLiteBehavior [ RunTime:0.000032s ]
INFO: [ app_init ] --END-- [ RunTime:0.000981s ]
ERR: 无法加载模块:Public

[ 2015-08-01T22:51:51+08:00 ] ::1 /dginfo/Public/bower_components/jquery/dist/js/jquery.min.js
INFO: [ app_init ] --START--
INFO: Run Behavior\BuildLiteBehavior [ RunTime:0.000032s ]
INFO: [ app_init ] --END-- [ RunTime:0.000820s ]
ERR: 无法加载模块:Public

[ 2015-08-01T22:52:00+08:00 ] ::1 /dginfo/Public/bower_components/jquery/dist/js/jquery.min.js
INFO: [ app_init ] --START--
INFO: Run Behavior\BuildLiteBehavior [ RunTime:0.000034s ]
INFO: [ app_init ] --END-- [ RunTime:0.002123s ]
ERR: 无法加载模块:Public

[ 2015-08-01T22:52:13+08:00 ] ::1 /dginfo/Public/bower_components/jquery/dist/js/jquery.min.js
INFO: [ app_init ] --START--
INFO: Run Behavior\BuildLiteBehavior [ RunTime:0.000031s ]
INFO: [ app_init ] --END-- [ RunTime:0.000849s ]
ERR: 无法加载模块:Public

[ 2015-08-01T22:53:22+08:00 ] ::1 /dginfo/Public/bower_components/jquery/dist/js/jquery.min.js
INFO: [ app_init ] --START--
INFO: Run Behavior\BuildLiteBehavior [ RunTime:0.000034s ]
INFO: [ app_init ] --END-- [ RunTime:0.002265s ]
ERR: 无法加载模块:Public

[ 2015-08-01T22:53:40+08:00 ] ::1 /dginfo/Public/bower_components/jquery/dist/js/jquery.min.js
INFO: [ app_init ] --START--
INFO: Run Behavior\BuildLiteBehavior [ RunTime:0.000033s ]
INFO: [ app_init ] --END-- [ RunTime:0.001050s ]
ERR: 无法加载模块:Public

